<?xml version="1.0" encoding="UTF-8"?>
<!-- Generated by org.testng.reporters.JUnitXMLReporter -->
<testsuite ignored="0" hostname="DESKTOP-K769H3K" failures="0" tests="14" name="Surefire test" time="235.178" errors="0" timestamp="22 дек. 2020 18:10:55 GMT">
  <testcase classname="com.bsu.framework.test.CartTests" name="addToCartTest" time="8.487"/>
  <testcase classname="com.bsu.framework.test.CartTests" name="deleteFromCartTest" time="13.005"/>
  <testcase classname="com.bsu.framework.test.CartTests" name="modifyItemQuantityInCartTest" time="14.048"/>
  <testcase classname="com.bsu.framework.test.CartTests" name="modifyItemQuantityInCartWithIncorrectDataTest" time="12.538"/>
  <testcase classname="com.bsu.framework.test.CartTests" name="proceedToCheckoutWithoutAuthenticationTest" time="12.262"/>
  <testcase classname="com.bsu.framework.test.CartTests" name="savingItemsInTheCartTest" time="15.969"/>
  <testcase classname="com.bsu.framework.test.LoginTests" name="createAccountWithIncorrectPasswordTypeTest" time="5.223"/>
  <testcase classname="com.bsu.framework.test.LoginTests" name="loginWithInvalidLoginTest" time="10.185"/>
  <testcase classname="com.bsu.framework.test.LoginTests" name="loginWithInvalidPasswordTest" time="9.658"/>
  <testcase classname="com.bsu.framework.test.SearchResultsTests" name="searchResultsExcludeOutOfStockItems" time="9.709"/>
  <testcase classname="com.bsu.framework.test.SearchResultsTests" name="searchResultsSortByBestSalesTest" time="9.71"/>
  <testcase classname="com.bsu.framework.test.SearchResultsTests" name="searchResultsSortByNameDownTest" time="8.852"/>
  <testcase classname="com.bsu.framework.test.SearchResultsTests" name="searchResultsSortByNameUpTest" time="9.675"/>
  <testcase classname="com.bsu.framework.test.SearchResultsTests" name="searchResultsSortByNewestDateTest" time="8.536"/>
</testsuite> <!-- Surefire test -->
