<?xml version="1.0" encoding="UTF-8"?>
<testsuite xmlns:xsi="http://www.w3.org/2001/XMLSchema-instance" xsi:noNamespaceSchemaLocation="https://maven.apache.org/surefire/maven-surefire-plugin/xsd/surefire-test-report.xsd" name="TestSuite" time="236.176" tests="14" errors="0" skipped="0" failures="0">
  <properties>
[...]
</properties>
  <testcase name="addToCartTest" classname="com.bsu.framework.test.CartTests" time="8.493"/>
  <testcase name="deleteFromCartTest" classname="com.bsu.framework.test.CartTests" time="13.024"/>
  <testcase name="modifyItemQuantityInCartTest" classname="com.bsu.framework.test.CartTests" time="14.049"/>
  <testcase name="modifyItemQuantityInCartWithIncorrectDataTest" classname="com.bsu.framework.test.CartTests" time="12.538"/>
  <testcase name="proceedToCheckoutWithoutAuthenticationTest" classname="com.bsu.framework.test.CartTests" time="12.262"/>
  <testcase name="savingItemsInTheCartTest" classname="com.bsu.framework.test.CartTests" time="15.97"/>
  <testcase name="createAccountWithIncorrectPasswordTypeTest" classname="com.bsu.framework.test.LoginTests" time="5.225"/>
  <testcase name="loginWithInvalidLoginTest" classname="com.bsu.framework.test.LoginTests" time="10.186"/>
  <testcase name="loginWithInvalidPasswordTest" classname="com.bsu.framework.test.LoginTests" time="9.657"/>
  <testcase name="searchResultsExcludeOutOfStockItems" classname="com.bsu.framework.test.SearchResultsTests" time="9.709"/>
  <testcase name="searchResultsSortByBestSalesTest" classname="com.bsu.framework.test.SearchResultsTests" time="9.709"/>
  <testcase name="searchResultsSortByNameDownTest" classname="com.bsu.framework.test.SearchResultsTests" time="8.852"/>
  <testcase name="searchResultsSortByNameUpTest" classname="com.bsu.framework.test.SearchResultsTests" time="9.674"/>
  <testcase name="searchResultsSortByNewestDateTest" classname="com.bsu.framework.test.SearchResultsTests" time="8.537"/>
</testsuite>